{
  "stats": {
    "suites": 21,
    "tests": 40,
    "passes": 37,
    "pending": 0,
    "failures": 3,
    "start": "2022-03-22T11:51:53.332Z",
    "end": "2022-03-22T11:58:37.171Z",
    "duration": 205953,
    "testsRegistered": 40,
    "passPercent": 92.5,
    "pendingPercent": 0,
    "other": 0,
    "hasOther": false,
    "skipped": 0,
    "hasSkipped": false
  },
  "results": [
    {
      "uuid": "f1501eef-d687-41d7-b2f7-518c85008d08",
      "title": "",
      "fullFile": "cypress/integration/automation-test-store/alias-invoke.js",
      "file": "cypress/integration/automation-test-store/alias-invoke.js",
      "beforeHooks": [],
      "afterHooks": [],
      "tests": [],
      "suites": [
        {
          "uuid": "20de6dc3-3d4a-4bf8-aed1-cfa2f595c081",
          "title": "Alias and Invoke",
          "fullFile": "",
          "file": "",
          "beforeHooks": [],
          "afterHooks": [],
          "tests": [
            {
              "title": "Validate a specific Haircare product",
              "fullTitle": "Alias and Invoke Validate a specific Haircare product",
              "timedOut": null,
              "duration": 7116,
              "state": "passed",
              "speed": "medium",
              "pass": true,
              "fail": false,
              "pending": false,
              "context": null,
              "code": "cy.visit(\"https://www.automationteststore.com/\");\ncy.get(\"a[href*='product/category&path=']\").contains(\"Hair Care\").click();\ncy.get(\".fixed_wrapper .prdocutname\").eq(0).invoke('text').as('productThumbnail');\ncy.get('@productThumbnail').its('length').should('be.gt', 5);\ncy.get('@productThumbnail').should('include', 'Seaweed Conditioner');",
              "err": {},
              "uuid": "b9640450-b847-40ed-9340-0bd08e7a74a2",
              "parentUUID": "20de6dc3-3d4a-4bf8-aed1-cfa2f595c081",
              "isHook": false,
              "skipped": false
            },
            {
              "title": "Validate product Thymbnail",
              "fullTitle": "Alias and Invoke Validate product Thymbnail",
              "timedOut": null,
              "duration": 2934,
              "state": "passed",
              "speed": "fast",
              "pass": true,
              "fail": false,
              "pending": false,
              "context": null,
              "code": "cy.visit(\"https://www.automationteststore.com/\");\ncy.get(\".thumbnail\").as('productThumbnail');\ncy.get(\"@productThumbnail\").should('have.length', '16');\ncy.get(\"@productThumbnail\").find('.productcart').invoke('attr', 'title').should('include', 'Add to Cart');",
              "err": {},
              "uuid": "9050a223-704b-4c6b-93c4-68fb58b58432",
              "parentUUID": "20de6dc3-3d4a-4bf8-aed1-cfa2f595c081",
              "isHook": false,
              "skipped": false
            }
          ],
          "suites": [],
          "passes": [
            "b9640450-b847-40ed-9340-0bd08e7a74a2",
            "9050a223-704b-4c6b-93c4-68fb58b58432"
          ],
          "failures": [],
          "pending": [],
          "skipped": [],
          "duration": 10050,
          "root": false,
          "rootEmpty": false,
          "_timeout": 2000
        }
      ],
      "passes": [],
      "failures": [],
      "pending": [],
      "skipped": [],
      "duration": 0,
      "root": true,
      "rootEmpty": true,
      "_timeout": 2000
    },
    {
      "uuid": "33252734-dcd7-4029-9386-63d88f4059e5",
      "title": "",
      "fullFile": "cypress/integration/automation-test-store/contact-us.js",
      "file": "cypress/integration/automation-test-store/contact-us.js",
      "beforeHooks": [],
      "afterHooks": [],
      "tests": [],
      "suites": [
        {
          "uuid": "b3a38b2a-da9a-4e81-9e19-5c2a492c56e0",
          "title": "Test Contact Us form via Automation Test Store",
          "fullFile": "",
          "file": "",
          "beforeHooks": [],
          "afterHooks": [],
          "tests": [
            {
              "title": "Should be able to submit a successful submission via contact us form",
              "fullTitle": "Test Contact Us form via Automation Test Store Should be able to submit a successful submission via contact us form",
              "timedOut": null,
              "duration": 10236,
              "state": "passed",
              "speed": "slow",
              "pass": true,
              "fail": false,
              "pending": false,
              "context": null,
              "code": "cy.visit(\"https://www.automationteststore.com/\");\ncy.get(\"a[href$='contact']\").click(); //cy.xpath(\"//a[contains(@href, 'contact')]\").click();\ncy.get(\"@user\").then(user => {\n  cy.get('#ContactUsFrm_first_name').type(user.first_name);\n  cy.get('#ContactUsFrm_email').type(user.email);\n});\ncy.get('#ContactUsFrm_email').should('have.attr', 'name', 'email');\ncy.get('#ContactUsFrm_enquiry').type(\"Do you provide additional discount on bulk orders?\");\ncy.get(\"button[title='Submit']\").click();\ncy.get('.mb40 > :nth-child(3)').should('have.text', 'Your enquiry has been successfully sent to the store owner!');",
              "err": {},
              "uuid": "586fcefa-27ac-42bd-a083-00fe7ab04d90",
              "parentUUID": "b3a38b2a-da9a-4e81-9e19-5c2a492c56e0",
              "isHook": false,
              "skipped": false
            }
          ],
          "suites": [],
          "passes": [
            "586fcefa-27ac-42bd-a083-00fe7ab04d90"
          ],
          "failures": [],
          "pending": [],
          "skipped": [],
          "duration": 10236,
          "root": false,
          "rootEmpty": false,
          "_timeout": 2000
        }
      ],
      "passes": [],
      "failures": [],
      "pending": [],
      "skipped": [],
      "duration": 0,
      "root": true,
      "rootEmpty": true,
      "_timeout": 2000
    },
    {
      "uuid": "89efffbc-defd-43ad-9dda-db508797e997",
      "title": "",
      "fullFile": "cypress/integration/automation-test-store/inspect-item.js",
      "file": "cypress/integration/automation-test-store/inspect-item.js",
      "beforeHooks": [],
      "afterHooks": [],
      "tests": [],
      "suites": [
        {
          "uuid": "2a2aa728-119e-45c1-8320-b87ea057dd36",
          "title": "inspect Automation Test Store Items Using chain of commands",
          "fullFile": "",
          "file": "",
          "beforeHooks": [],
          "afterHooks": [],
          "tests": [
            {
              "title": "Click on the first item using item text",
              "fullTitle": "inspect Automation Test Store Items Using chain of commands Click on the first item using item text",
              "timedOut": null,
              "duration": 6929,
              "state": "passed",
              "speed": "medium",
              "pass": true,
              "fail": false,
              "pending": false,
              "context": null,
              "code": "cy.visit(\"https://www.automationteststore.com/\");\ncy.get('.prdocutname').contains('Skinsheen Bronzer Stick').click().then(function (itemHeaderText) {\n  console.log(\"Selected the following item :\" + itemHeaderText.text());\n});",
              "err": {},
              "uuid": "b282d52b-1e8c-4471-8877-3196277c4724",
              "parentUUID": "2a2aa728-119e-45c1-8320-b87ea057dd36",
              "isHook": false,
              "skipped": false
            },
            {
              "title": "Click on the first item using index",
              "fullTitle": "inspect Automation Test Store Items Using chain of commands Click on the first item using index",
              "timedOut": null,
              "duration": 4857,
              "state": "passed",
              "speed": "fast",
              "pass": true,
              "fail": false,
              "pending": false,
              "context": null,
              "code": "cy.visit(\"https://www.automationteststore.com/\");\ncy.get('.fixed_wrapper').find('.prdocutname').eq(0).click();",
              "err": {},
              "uuid": "c17f760f-a9ab-4e91-bc0e-fa82186dad80",
              "parentUUID": "2a2aa728-119e-45c1-8320-b87ea057dd36",
              "isHook": false,
              "skipped": false
            }
          ],
          "suites": [],
          "passes": [
            "b282d52b-1e8c-4471-8877-3196277c4724",
            "c17f760f-a9ab-4e91-bc0e-fa82186dad80"
          ],
          "failures": [],
          "pending": [],
          "skipped": [],
          "duration": 11786,
          "root": false,
          "rootEmpty": false,
          "_timeout": 2000
        }
      ],
      "passes": [],
      "failures": [],
      "pending": [],
      "skipped": [],
      "duration": 0,
      "root": true,
      "rootEmpty": true,
      "_timeout": 2000
    },
    {
      "uuid": "a0301b4e-b2de-48d5-ab85-46e10b8ab795",
      "title": "",
      "fullFile": "cypress/integration/automation-test-store/iterate-over-elements.js",
      "file": "cypress/integration/automation-test-store/iterate-over-elements.js",
      "beforeHooks": [],
      "afterHooks": [],
      "tests": [],
      "suites": [
        {
          "uuid": "68e311eb-cb47-412e-814f-837e27d8328b",
          "title": "Iterate Over Elements",
          "fullFile": "",
          "file": "",
          "beforeHooks": [],
          "afterHooks": [],
          "tests": [
            {
              "title": "Log information of all hair care products",
              "fullTitle": "Iterate Over Elements Log information of all hair care products",
              "timedOut": null,
              "duration": 8786,
              "state": "passed",
              "speed": "medium",
              "pass": true,
              "fail": false,
              "pending": false,
              "context": null,
              "code": "cy.get(\".fixed_wrapper .prdocutname\").each(($el, index, $list) => {\n  cy.log(\"Index: \" + index + \" : \" + $el.text());\n});",
              "err": {},
              "uuid": "74db00e9-3919-4578-a384-80b4689b95bb",
              "parentUUID": "68e311eb-cb47-412e-814f-837e27d8328b",
              "isHook": false,
              "skipped": false
            },
            {
              "title": "Add specific product to basket",
              "fullTitle": "Iterate Over Elements Add specific product to basket",
              "timedOut": null,
              "duration": 7465,
              "state": "passed",
              "speed": "medium",
              "pass": true,
              "fail": false,
              "pending": false,
              "context": null,
              "code": "cy.selectProduct('Curls to straight Shampoo');",
              "err": {},
              "uuid": "fc01cd8b-0759-42ba-8a29-1d8d7b23dd86",
              "parentUUID": "68e311eb-cb47-412e-814f-837e27d8328b",
              "isHook": false,
              "skipped": false
            },
            {
              "title": "Add another specific product to basket",
              "fullTitle": "Iterate Over Elements Add another specific product to basket",
              "timedOut": null,
              "duration": 7125,
              "state": "passed",
              "speed": "medium",
              "pass": true,
              "fail": false,
              "pending": false,
              "context": null,
              "code": "cy.selectProduct('Seaweed Conditioner');",
              "err": {},
              "uuid": "8e0a6bae-5953-4e47-997d-e6fa00014701",
              "parentUUID": "68e311eb-cb47-412e-814f-837e27d8328b",
              "isHook": false,
              "skipped": false
            },
            {
              "title": "Add another specific product to basket 2",
              "fullTitle": "Iterate Over Elements Add another specific product to basket 2",
              "timedOut": null,
              "duration": 6287,
              "state": "passed",
              "speed": "medium",
              "pass": true,
              "fail": false,
              "pending": false,
              "context": null,
              "code": "cy.selectProduct('Eau Parfumee au The Vert Shampoo');",
              "err": {},
              "uuid": "c97d95f4-454e-430d-8830-dda73d8ba912",
              "parentUUID": "68e311eb-cb47-412e-814f-837e27d8328b",
              "isHook": false,
              "skipped": false
            }
          ],
          "suites": [],
          "passes": [
            "74db00e9-3919-4578-a384-80b4689b95bb",
            "fc01cd8b-0759-42ba-8a29-1d8d7b23dd86",
            "8e0a6bae-5953-4e47-997d-e6fa00014701",
            "c97d95f4-454e-430d-8830-dda73d8ba912"
          ],
          "failures": [],
          "pending": [],
          "skipped": [],
          "duration": 29663,
          "root": false,
          "rootEmpty": false,
          "_timeout": 2000
        }
      ],
      "passes": [],
      "failures": [],
      "pending": [],
      "skipped": [],
      "duration": 0,
      "root": true,
      "rootEmpty": true,
      "_timeout": 2000
    },
    {
      "uuid": "f4a0e6c5-5273-4996-9485-c288c3b4e719",
      "title": "",
      "fullFile": "cypress/integration/automation-test-store/variables-and-cy-commands.js",
      "file": "cypress/integration/automation-test-store/variables-and-cy-commands.js",
      "beforeHooks": [],
      "afterHooks": [],
      "tests": [],
      "suites": [
        {
          "uuid": "0c1ec0c1-98ac-4cb4-9097-861d21513060",
          "title": "Verifying variables,cypress commands and Jquery commands",
          "fullFile": "",
          "file": "",
          "beforeHooks": [],
          "afterHooks": [],
          "tests": [
            {
              "title": "Validate Properties of the Contact Us Page",
              "fullTitle": "Verifying variables,cypress commands and Jquery commands Validate Properties of the Contact Us Page",
              "timedOut": null,
              "duration": 2839,
              "state": "passed",
              "speed": "fast",
              "pass": true,
              "fail": false,
              "pending": false,
              "context": null,
              "code": "cy.visit(\"https://automationteststore.com/index.php?rt=content/contact\"); //use cypress commands and chaining\ncy.contains('#ContactUsFrm', 'Contact Us Form').find('#field_11').should('contain', 'First name'); //Jquery Approach\ncy.contains('#ContactUsFrm', 'Contact Us Form').then(text => {\n  const firstNameText = text.find('#field_11').text();\n  expect(firstNameText).to.contain('First name');\n}); //Embedded Commands \ncy.get('#field_11').then(fnText => {\n  cy.log(fnText.text());\n  cy.log(fnText);\n});",
              "err": {},
              "uuid": "ae7651f5-32ec-4617-9cf0-3545cb8ea71c",
              "parentUUID": "0c1ec0c1-98ac-4cb4-9097-861d21513060",
              "isHook": false,
              "skipped": false
            }
          ],
          "suites": [],
          "passes": [
            "ae7651f5-32ec-4617-9cf0-3545cb8ea71c"
          ],
          "failures": [],
          "pending": [],
          "skipped": [],
          "duration": 2839,
          "root": false,
          "rootEmpty": false,
          "_timeout": 2000
        }
      ],
      "passes": [],
      "failures": [],
      "pending": [],
      "skipped": [],
      "duration": 0,
      "root": true,
      "rootEmpty": true,
      "_timeout": 2000
    },
    {
      "uuid": "7891f804-55f4-43f9-ba81-cc09d2d42ec1",
      "title": "",
      "fullFile": "cypress/integration/other/hooks.js",
      "file": "cypress/integration/other/hooks.js",
      "beforeHooks": [],
      "afterHooks": [],
      "tests": [],
      "suites": [
        {
          "uuid": "bd5df9ea-a75f-402b-94c5-ccb8bc11570d",
          "title": "Hooks",
          "fullFile": "",
          "file": "",
          "beforeHooks": [],
          "afterHooks": [],
          "tests": [
            {
              "title": "Example Test1",
              "fullTitle": "Hooks Example Test1",
              "timedOut": null,
              "duration": 118,
              "state": "passed",
              "speed": "fast",
              "pass": true,
              "fail": false,
              "pending": false,
              "context": null,
              "code": "cy.log(\"Exmaple Test 1\");",
              "err": {},
              "uuid": "fd75d099-1761-48dc-9740-0249ce3846e6",
              "parentUUID": "bd5df9ea-a75f-402b-94c5-ccb8bc11570d",
              "isHook": false,
              "skipped": false
            },
            {
              "title": "Example Test2",
              "fullTitle": "Hooks Example Test2",
              "timedOut": null,
              "duration": 53,
              "state": "passed",
              "speed": "fast",
              "pass": true,
              "fail": false,
              "pending": false,
              "context": null,
              "code": "cy.log(\"Exmaple Test 2\");",
              "err": {},
              "uuid": "797f57b6-c352-4224-908c-819bf2c90e86",
              "parentUUID": "bd5df9ea-a75f-402b-94c5-ccb8bc11570d",
              "isHook": false,
              "skipped": false
            }
          ],
          "suites": [],
          "passes": [
            "fd75d099-1761-48dc-9740-0249ce3846e6",
            "797f57b6-c352-4224-908c-819bf2c90e86"
          ],
          "failures": [],
          "pending": [],
          "skipped": [],
          "duration": 171,
          "root": false,
          "rootEmpty": false,
          "_timeout": 2000
        }
      ],
      "passes": [],
      "failures": [],
      "pending": [],
      "skipped": [],
      "duration": 0,
      "root": true,
      "rootEmpty": true,
      "_timeout": 2000
    },
    {
      "uuid": "06af045e-4a7e-4a6c-a327-ca99e5b4e571",
      "title": "",
      "fullFile": "cypress/integration/other/same-origin-policy.js",
      "file": "cypress/integration/other/same-origin-policy.js",
      "beforeHooks": [],
      "afterHooks": [],
      "tests": [],
      "suites": [
        {
          "uuid": "ff019ccf-4838-4473-897f-e1e5ec8884ce",
          "title": "Cypress Web Security",
          "fullFile": "",
          "file": "",
          "beforeHooks": [],
          "afterHooks": [],
          "tests": [
            {
              "title": "Validate visiting two different domains",
              "fullTitle": "Cypress Web Security Validate visiting two different domains",
              "timedOut": null,
              "duration": 35881,
              "state": "failed",
              "speed": null,
              "pass": false,
              "fail": true,
              "pending": false,
              "context": null,
              "code": "cy.visit(\"https://www.automationteststore.com/\");\ncy.visit(\"https://www.google.com\");",
              "err": {
                "message": "CypressError: `cy.screenshot()` timed out waiting `30000ms` to complete.",
                "estack": "CypressError: `cy.screenshot()` timed out waiting `30000ms` to complete.\n    at https://www.automationteststore.com/__cypress/runner/cypress_runner.js:160778:81\n    at tryCatcher (https://www.automationteststore.com/__cypress/runner/cypress_runner.js:13022:23)\n    at https://www.automationteststore.com/__cypress/runner/cypress_runner.js:8144:41\n    at tryCatcher (https://www.automationteststore.com/__cypress/runner/cypress_runner.js:13022:23)\n    at Promise._settlePromiseFromHandler (https://www.automationteststore.com/__cypress/runner/cypress_runner.js:10957:31)\n    at Promise._settlePromise (https://www.automationteststore.com/__cypress/runner/cypress_runner.js:11014:18)\n    at Promise._settlePromise0 (https://www.automationteststore.com/__cypress/runner/cypress_runner.js:11059:10)\n    at Promise._settlePromises (https://www.automationteststore.com/__cypress/runner/cypress_runner.js:11135:18)\n    at _drainQueueStep (https://www.automationteststore.com/__cypress/runner/cypress_runner.js:7729:12)\n    at _drainQueue (https://www.automationteststore.com/__cypress/runner/cypress_runner.js:7722:9)\n    at Async.../../node_modules/bluebird/js/release/async.js.Async._drainQueues (https://www.automationteststore.com/__cypress/runner/cypress_runner.js:7738:5)\n    at Async.drainQueues (https://www.automationteststore.com/__cypress/runner/cypress_runner.js:7608:14)",
                "diff": null
              },
              "uuid": "713b5260-ce85-45df-8d74-410408ca7f01",
              "parentUUID": "ff019ccf-4838-4473-897f-e1e5ec8884ce",
              "isHook": false,
              "skipped": false
            },
            {
              "title": "validate visiting two different domains via user actions",
              "fullTitle": "Cypress Web Security validate visiting two different domains via user actions",
              "timedOut": null,
              "duration": 5587,
              "state": "passed",
              "speed": "medium",
              "pass": true,
              "fail": false,
              "pending": false,
              "context": null,
              "code": "cy.visit('http://www.webdriveruniversity.com/');\ncy.get('#automation-test-store').invoke('removeAttr', 'target').click();",
              "err": {},
              "uuid": "97b641f0-d32e-4ae5-bd27-3cc226a74ba0",
              "parentUUID": "ff019ccf-4838-4473-897f-e1e5ec8884ce",
              "isHook": false,
              "skipped": false
            }
          ],
          "suites": [],
          "passes": [
            "97b641f0-d32e-4ae5-bd27-3cc226a74ba0"
          ],
          "failures": [
            "713b5260-ce85-45df-8d74-410408ca7f01"
          ],
          "pending": [],
          "skipped": [],
          "duration": 41468,
          "root": false,
          "rootEmpty": false,
          "_timeout": 2000
        }
      ],
      "passes": [],
      "failures": [],
      "pending": [],
      "skipped": [],
      "duration": 0,
      "root": true,
      "rootEmpty": true,
      "_timeout": 2000
    },
    {
      "uuid": "1d0bffe5-125a-4770-85d9-83e77a36204d",
      "title": "",
      "fullFile": "cypress/integration/webdriver-uni/autocomplete-dropdownlist.js",
      "file": "cypress/integration/webdriver-uni/autocomplete-dropdownlist.js",
      "beforeHooks": [],
      "afterHooks": [],
      "tests": [],
      "suites": [
        {
          "uuid": "d0a3120c-a3b3-4447-8826-43b6e0730c64",
          "title": "Verify Autocomplete dropwdown lists via webdriveruni",
          "fullFile": "",
          "file": "",
          "beforeHooks": [],
          "afterHooks": [],
          "tests": [
            {
              "title": "Select specific product via autocomplete list",
              "fullTitle": "Verify Autocomplete dropwdown lists via webdriveruni Select specific product via autocomplete list",
              "timedOut": null,
              "duration": 4194,
              "state": "passed",
              "speed": "fast",
              "pass": true,
              "fail": false,
              "pending": false,
              "context": null,
              "code": "cy.visit(\"http://www.webdriveruniversity.com\");\ncy.get('#autocomplete-textfield').invoke('removeAttr', 'target').click({\n  force: true\n});\ncy.get('#myInput').type('A');\ncy.get('#myInputautocomplete-list > *').each(($el, index, $list) => {\n  const prod = $el.text();\n  const productToSelect = 'Avacado';\n  if (prod === productToSelect) {\n    // $el.click();\n    $el.trigger('click');\n    cy.get('#submit-button').click();\n    cy.url().should('include', productToSelect);\n  }\n});\ncy.get('#myInput').type('G');\ncy.get('#myInputautocomplete-list > *').each(($el, index, $list) => {\n  const prod = $el.text();\n  const productToSelect = 'Grapes';\n  if (prod === productToSelect) {\n    // $el.click();\n    $el.trigger('click');\n    cy.get('#submit-button').click();\n    cy.url().should('include', productToSelect);\n  }\n});",
              "err": {},
              "uuid": "8e1997c5-6f78-4242-8fbf-a7978c853d6f",
              "parentUUID": "d0a3120c-a3b3-4447-8826-43b6e0730c64",
              "isHook": false,
              "skipped": false
            }
          ],
          "suites": [],
          "passes": [
            "8e1997c5-6f78-4242-8fbf-a7978c853d6f"
          ],
          "failures": [],
          "pending": [],
          "skipped": [],
          "duration": 4194,
          "root": false,
          "rootEmpty": false,
          "_timeout": 2000
        }
      ],
      "passes": [],
      "failures": [],
      "pending": [],
      "skipped": [],
      "duration": 0,
      "root": true,
      "rootEmpty": true,
      "_timeout": 2000
    },
    {
      "uuid": "f4c1a4fd-b351-48ab-a1b4-1de6c68b6f1e",
      "title": "",
      "fullFile": "cypress/integration/webdriver-uni/browser-navigation.js",
      "file": "cypress/integration/webdriver-uni/browser-navigation.js",
      "beforeHooks": [],
      "afterHooks": [],
      "tests": [],
      "suites": [
        {
          "uuid": "174bdf6a-6133-4ecf-8961-0ed15d3951e3",
          "title": "Validate webdriveruni homepage link",
          "fullFile": "",
          "file": "",
          "beforeHooks": [],
          "afterHooks": [],
          "tests": [
            {
              "title": "Confirm links redirect to the correct pages",
              "fullTitle": "Validate webdriveruni homepage link Confirm links redirect to the correct pages",
              "timedOut": null,
              "duration": 5244,
              "state": "passed",
              "speed": "medium",
              "pass": true,
              "fail": false,
              "pending": false,
              "context": null,
              "code": "cy.visit(\"https://webdriveruniversity.com\");\ncy.get('#contact-us').invoke('removeAttr', 'target').click({\n  force: true\n});\ncy.url().should('include', 'contactus');\ncy.go('back');\ncy.reload();\ncy.go('forward');\ncy.url().should('include', 'contactus');\ncy.go('back');\ncy.get('#login-portal').invoke('removeAttr', 'target').click({\n  force: true\n});\ncy.url().should('include', 'Login-Portal');",
              "err": {},
              "uuid": "6a8911f6-518b-481d-bbf6-05812c4ffe98",
              "parentUUID": "174bdf6a-6133-4ecf-8961-0ed15d3951e3",
              "isHook": false,
              "skipped": false
            }
          ],
          "suites": [],
          "passes": [
            "6a8911f6-518b-481d-bbf6-05812c4ffe98"
          ],
          "failures": [],
          "pending": [],
          "skipped": [],
          "duration": 5244,
          "root": false,
          "rootEmpty": false,
          "_timeout": 2000
        }
      ],
      "passes": [],
      "failures": [],
      "pending": [],
      "skipped": [],
      "duration": 0,
      "root": true,
      "rootEmpty": true,
      "_timeout": 2000
    },
    {
      "uuid": "e1493778-153f-420d-b924-a9d80f4a5af8",
      "title": "",
      "fullFile": "cypress/integration/webdriver-uni/checkboxes.js",
      "file": "cypress/integration/webdriver-uni/checkboxes.js",
      "beforeHooks": [],
      "afterHooks": [],
      "tests": [],
      "suites": [
        {
          "uuid": "0e1ef171-85c6-4f24-b5c6-dcbbd7913997",
          "title": "Verify Checkboxes via webdriveruni",
          "fullFile": "",
          "file": "",
          "beforeHooks": [],
          "afterHooks": [],
          "tests": [
            {
              "title": "check and validate checkboxes",
              "fullTitle": "Verify Checkboxes via webdriveruni check and validate checkboxes",
              "timedOut": null,
              "duration": 2172,
              "state": "passed",
              "speed": "fast",
              "pass": true,
              "fail": false,
              "pending": false,
              "context": null,
              "code": "cy.navigateTo_WebDriverUni_Homepage_checkbox_Page(); // cy.get('#checkboxes > :nth-child(1) > input').check()\n// cy.get('#checkboxes > :nth-child(1) > input').should('be.checked')\ncy.get('#checkboxes > :nth-child(1) > input').as('option-1');\ncy.get('@option-1').check().should('be.checked');",
              "err": {},
              "uuid": "ecf7d9b6-ab1e-4e1a-845e-6f7011ec98c9",
              "parentUUID": "0e1ef171-85c6-4f24-b5c6-dcbbd7913997",
              "isHook": false,
              "skipped": false
            },
            {
              "title": "Uncheck and validate checkboxes",
              "fullTitle": "Verify Checkboxes via webdriveruni Uncheck and validate checkboxes",
              "timedOut": null,
              "duration": 1599,
              "state": "passed",
              "speed": "fast",
              "pass": true,
              "fail": false,
              "pending": false,
              "context": null,
              "code": "cy.visit(\"https://webdriveruniversity.com\");\ncy.get('#dropdown-checkboxes-radiobuttons').invoke('removeAttr', 'target').click({\n  force: true\n});\ncy.get(':nth-child(5) > input').as('option-3');\ncy.get('@option-3').uncheck().should('not.be.checked'); // input[type='checkbox']",
              "err": {},
              "uuid": "0094df82-da5a-423b-844a-09a42f1b1959",
              "parentUUID": "0e1ef171-85c6-4f24-b5c6-dcbbd7913997",
              "isHook": false,
              "skipped": false
            },
            {
              "title": "Uncheck and validate checkboxes",
              "fullTitle": "Verify Checkboxes via webdriveruni Uncheck and validate checkboxes",
              "timedOut": null,
              "duration": 1332,
              "state": "passed",
              "speed": "fast",
              "pass": true,
              "fail": false,
              "pending": false,
              "context": null,
              "code": "cy.visit(\"https://webdriveruniversity.com\");\ncy.get('#dropdown-checkboxes-radiobuttons').invoke('removeAttr', 'target').click({\n  force: true\n});\ncy.get(\"input[type='checkbox']\").check([\"option-1\", \"option-2\", \"option-4\", \"option-3\"]).should('be.checked');",
              "err": {},
              "uuid": "7310dfed-296a-4d7d-aa8b-9bda2d7ce56d",
              "parentUUID": "0e1ef171-85c6-4f24-b5c6-dcbbd7913997",
              "isHook": false,
              "skipped": false
            }
          ],
          "suites": [],
          "passes": [
            "ecf7d9b6-ab1e-4e1a-845e-6f7011ec98c9",
            "0094df82-da5a-423b-844a-09a42f1b1959",
            "7310dfed-296a-4d7d-aa8b-9bda2d7ce56d"
          ],
          "failures": [],
          "pending": [],
          "skipped": [],
          "duration": 5103,
          "root": false,
          "rootEmpty": false,
          "_timeout": 2000
        }
      ],
      "passes": [],
      "failures": [],
      "pending": [],
      "skipped": [],
      "duration": 0,
      "root": true,
      "rootEmpty": true,
      "_timeout": 2000
    },
    {
      "uuid": "f148012b-0c78-4ddb-8033-79c8a8bd0ee6",
      "title": "",
      "fullFile": "cypress/integration/webdriver-uni/contact_us.js",
      "file": "cypress/integration/webdriver-uni/contact_us.js",
      "beforeHooks": [],
      "afterHooks": [],
      "tests": [],
      "suites": [
        {
          "uuid": "7036e0a2-0052-455e-a7a6-40b165a53efc",
          "title": "Test Contact Us form via WebdriverUni",
          "fullFile": "",
          "file": "",
          "beforeHooks": [],
          "afterHooks": [],
          "tests": [
            {
              "title": "Should be able to submit a successful submission via contact us form",
              "fullTitle": "Test Contact Us form via WebdriverUni Should be able to submit a successful submission via contact us form",
              "timedOut": null,
              "duration": 38026,
              "state": "failed",
              "speed": null,
              "pass": false,
              "fail": true,
              "pending": false,
              "context": null,
              "code": "cy.document().should('have.property', 'charset').and('eq', 'UTF-8');\ncy.title().should('include', 'WebDriver | Contact Us');\ncy.url().should('include', 'contactus');\ncontact_us_po.contactForm_Submission(Cypress.env(\"first_name\"), data.last_name, data.email, 'How can I learn Cypress?', 'h1', 'Thank You for your Message!'); // cy.pause() // it helps to pause and debug the system",
              "err": {
                "message": "Error: EPERM: operation not permitted, open 'C:\\Users\\rishavsri\\Desktop\\Automation\\Cypress_Automation\\cypress\\screenshots\\webdriver-uni\\contact_us.js\\Test Contact Us form via WebdriverUni -- Should be able to submit a successful submission via contact us form (failed).png'",
                "estack": "Error: EPERM: operation not permitted, open 'C:\\Users\\rishavsri\\Desktop\\Automation\\Cypress_Automation\\cypress\\screenshots\\webdriver-uni\\contact_us.js\\Test Contact Us form via WebdriverUni -- Should be able to submit a successful submission via contact us form (failed).png'\n\n",
                "diff": null
              },
              "uuid": "fd1a2ffd-a04a-4b3a-aa75-3e41e43f9318",
              "parentUUID": "7036e0a2-0052-455e-a7a6-40b165a53efc",
              "isHook": false,
              "skipped": false
            },
            {
              "title": "Should not be able to submit a successful submission via contact us form as all fields are required",
              "fullTitle": "Test Contact Us form via WebdriverUni Should not be able to submit a successful submission via contact us form as all fields are required",
              "timedOut": null,
              "duration": 5066,
              "state": "failed",
              "speed": null,
              "pass": false,
              "fail": true,
              "pending": false,
              "context": null,
              "code": "contact_us_po.contactForm_Submission(data.first_name, data.last_name, \" \", 'How can I learn Cypress?', 'body', 'Error: Invalid email address'); // cy.wait(10000) // This command waits for 10 secs",
              "err": {
                "message": "Error: EPERM: operation not permitted, open 'C:\\Users\\rishavsri\\Desktop\\Automation\\Cypress_Automation\\cypress\\screenshots\\webdriver-uni\\contact_us.js\\Test Contact Us form via WebdriverUni -- Should not be able to submit a successful submission via contact us form as all fields are required (failed).png'",
                "estack": "Error: EPERM: operation not permitted, open 'C:\\Users\\rishavsri\\Desktop\\Automation\\Cypress_Automation\\cypress\\screenshots\\webdriver-uni\\contact_us.js\\Test Contact Us form via WebdriverUni -- Should not be able to submit a successful submission via contact us form as all fields are required (failed).png'\n\n",
                "diff": null
              },
              "uuid": "025809a7-a22d-4615-a7c6-1964f11af758",
              "parentUUID": "7036e0a2-0052-455e-a7a6-40b165a53efc",
              "isHook": false,
              "skipped": false
            }
          ],
          "suites": [],
          "passes": [],
          "failures": [
            "fd1a2ffd-a04a-4b3a-aa75-3e41e43f9318",
            "025809a7-a22d-4615-a7c6-1964f11af758"
          ],
          "pending": [],
          "skipped": [],
          "duration": 43092,
          "root": false,
          "rootEmpty": false,
          "_timeout": 2000
        }
      ],
      "passes": [],
      "failures": [],
      "pending": [],
      "skipped": [],
      "duration": 0,
      "root": true,
      "rootEmpty": true,
      "_timeout": 2000
    },
    {
      "uuid": "707022e5-c2d9-4ed2-8a59-083aff54bab8",
      "title": "",
      "fullFile": "cypress/integration/webdriver-uni/data-tables.js",
      "file": "cypress/integration/webdriver-uni/data-tables.js",
      "beforeHooks": [],
      "afterHooks": [],
      "tests": [],
      "suites": [
        {
          "uuid": "621fb860-29b9-46ed-9b4a-2d5c2dcec0b7",
          "title": "Handling data via webdriveruni",
          "fullFile": "",
          "file": "",
          "beforeHooks": [],
          "afterHooks": [],
          "tests": [
            {
              "title": "Calculate and Assert the total age of all users",
              "fullTitle": "Handling data via webdriveruni Calculate and Assert the total age of all users",
              "timedOut": null,
              "duration": 2748,
              "state": "passed",
              "speed": "fast",
              "pass": true,
              "fail": false,
              "pending": false,
              "context": null,
              "code": "var userDetails = [];\nlet numb = 0;\ncy.get(\"#thumbnail-1 td\").each(($el, index, $list) => {\n  userDetails[index] = $el.text();\n}).then(() => {\n  var i;\n  for (i = 1; i < userDetails.length; i++) {\n    if (Number(userDetails[i])) {\n      numb = numb + Number(userDetails[i]);\n    }\n  }\n  cy.log(\"Found total age : \" + numb);\n  expect(numb).to.eq(322);\n});",
              "err": {},
              "uuid": "bf385818-22fa-4414-aa68-b100328e2bdc",
              "parentUUID": "621fb860-29b9-46ed-9b4a-2d5c2dcec0b7",
              "isHook": false,
              "skipped": false
            },
            {
              "title": "Calicate and Assert the age of a given user based on last name",
              "fullTitle": "Handling data via webdriveruni Calicate and Assert the age of a given user based on last name",
              "timedOut": null,
              "duration": 932,
              "state": "passed",
              "speed": "fast",
              "pass": true,
              "fail": false,
              "pending": false,
              "context": null,
              "code": "cy.get(\"#thumbnail-1 tr td:nth-child(2)\").each(($el, index, list) => {\n  const text = $el.text();\n  if (text.includes(\"Woods\")) {\n    cy.get(\"#thumbnail-1 tr td:nth-child(2)\").eq(index).next().then(function (age) {\n      const userAge = age.text();\n      expect(userAge).to.equal(\"80\");\n    });\n  }\n});",
              "err": {},
              "uuid": "e1a5ff8b-b514-4349-85cf-bc620760fca3",
              "parentUUID": "621fb860-29b9-46ed-9b4a-2d5c2dcec0b7",
              "isHook": false,
              "skipped": false
            }
          ],
          "suites": [],
          "passes": [
            "bf385818-22fa-4414-aa68-b100328e2bdc",
            "e1a5ff8b-b514-4349-85cf-bc620760fca3"
          ],
          "failures": [],
          "pending": [],
          "skipped": [],
          "duration": 3680,
          "root": false,
          "rootEmpty": false,
          "_timeout": 2000
        }
      ],
      "passes": [],
      "failures": [],
      "pending": [],
      "skipped": [],
      "duration": 0,
      "root": true,
      "rootEmpty": true,
      "_timeout": 2000
    },
    {
      "uuid": "ec745d04-83ae-4a01-ba0a-1d1aabd47b4c",
      "title": "",
      "fullFile": "cypress/integration/webdriver-uni/datepicker.js",
      "file": "cypress/integration/webdriver-uni/datepicker.js",
      "beforeHooks": [],
      "afterHooks": [],
      "tests": [],
      "suites": [
        {
          "uuid": "62073928-f975-4ca7-bf85-32be446e8284",
          "title": "Test Datepicker via webdrievruni",
          "fullFile": "",
          "file": "",
          "beforeHooks": [],
          "afterHooks": [],
          "tests": [
            {
              "title": "Select date from the datepicker",
              "fullTitle": "Test Datepicker via webdrievruni Select date from the datepicker",
              "timedOut": null,
              "duration": 2300,
              "state": "passed",
              "speed": "fast",
              "pass": true,
              "fail": false,
              "pending": false,
              "context": null,
              "code": "cy.visit(\"https://webdriveruniversity.com\");\ncy.get('#datepicker').invoke('removeAttr', 'target').click({\n  force: true\n});\nvar date = new Date();\ndate.setDate(date.getDate());\ncy.log(date.getDate()); // get the current day\nvar date = new Date();\ndate.setDate(date.getDate() + 5);\ncy.log(date.getDate());",
              "err": {},
              "uuid": "39e18275-7071-4682-a415-484c61da995e",
              "parentUUID": "62073928-f975-4ca7-bf85-32be446e8284",
              "isHook": false,
              "skipped": false
            }
          ],
          "suites": [],
          "passes": [
            "39e18275-7071-4682-a415-484c61da995e"
          ],
          "failures": [],
          "pending": [],
          "skipped": [],
          "duration": 2300,
          "root": false,
          "rootEmpty": false,
          "_timeout": 2000
        }
      ],
      "passes": [],
      "failures": [],
      "pending": [],
      "skipped": [],
      "duration": 0,
      "root": true,
      "rootEmpty": true,
      "_timeout": 2000
    },
    {
      "uuid": "495fecf1-6988-42f7-87ad-e242d940c023",
      "title": "",
      "fullFile": "cypress/integration/webdriver-uni/file-upload.js",
      "file": "cypress/integration/webdriver-uni/file-upload.js",
      "beforeHooks": [],
      "afterHooks": [],
      "tests": [],
      "suites": [
        {
          "uuid": "8d2db1bb-f62b-4c63-b3ec-c31c7a32db20",
          "title": "Test File Upload via webdriveruni",
          "fullFile": "",
          "file": "",
          "beforeHooks": [],
          "afterHooks": [],
          "tests": [
            {
              "title": "Upload a file....",
              "fullTitle": "Test File Upload via webdriveruni Upload a file....",
              "timedOut": null,
              "duration": 2252,
              "state": "passed",
              "speed": "fast",
              "pass": true,
              "fail": false,
              "pending": false,
              "context": null,
              "code": "cy.visit(\"http://www.webdriveruniversity.com\");\ncy.get('#file-upload').invoke('removeAttr', 'target').click({\n  force: true\n});\ncy.fixture(\"laptop.png\", \"base64\").then(fileContent => {\n  cy.get(\"#myFile\").attachFile({\n    fileContent,\n    fileName: \"laptop.png\",\n    mimeType: \"image/png\"\n  }, {\n    uploadType: \"input\"\n  });\n});\ncy.get(\"#submit-button\").click();",
              "err": {},
              "uuid": "f87419f4-a5bd-4099-9ee6-3b51e64b2655",
              "parentUUID": "8d2db1bb-f62b-4c63-b3ec-c31c7a32db20",
              "isHook": false,
              "skipped": false
            },
            {
              "title": "Upload no file....",
              "fullTitle": "Test File Upload via webdriveruni Upload no file....",
              "timedOut": null,
              "duration": 1120,
              "state": "passed",
              "speed": "fast",
              "pass": true,
              "fail": false,
              "pending": false,
              "context": null,
              "code": "cy.visit(\"http://www.webdriveruniversity.com\");\ncy.get('#file-upload').invoke('removeAttr', 'target').click({\n  force: true\n});\ncy.get(\"#submit-button\").click();",
              "err": {},
              "uuid": "9769b330-1f70-4a31-974a-407f042581e0",
              "parentUUID": "8d2db1bb-f62b-4c63-b3ec-c31c7a32db20",
              "isHook": false,
              "skipped": false
            }
          ],
          "suites": [],
          "passes": [
            "f87419f4-a5bd-4099-9ee6-3b51e64b2655",
            "9769b330-1f70-4a31-974a-407f042581e0"
          ],
          "failures": [],
          "pending": [],
          "skipped": [],
          "duration": 3372,
          "root": false,
          "rootEmpty": false,
          "_timeout": 2000
        }
      ],
      "passes": [],
      "failures": [],
      "pending": [],
      "skipped": [],
      "duration": 0,
      "root": true,
      "rootEmpty": true,
      "_timeout": 2000
    },
    {
      "uuid": "2640a6c7-439c-4dfd-ac44-bdc6b7611454",
      "title": "",
      "fullFile": "cypress/integration/webdriver-uni/iframes.js",
      "file": "cypress/integration/webdriver-uni/iframes.js",
      "beforeHooks": [],
      "afterHooks": [],
      "tests": [],
      "suites": [
        {
          "uuid": "e44fdb9e-67bd-49cc-b172-d3009b1f4997",
          "title": "Hnalding IFrame and Modals ",
          "fullFile": "",
          "file": "",
          "beforeHooks": [],
          "afterHooks": [],
          "tests": [
            {
              "title": "Handle webdriveruni Iframe and modal ",
              "fullTitle": "Hnalding IFrame and Modals  Handle webdriveruni Iframe and modal ",
              "timedOut": null,
              "duration": 3640,
              "state": "passed",
              "speed": "fast",
              "pass": true,
              "fail": false,
              "pending": false,
              "context": null,
              "code": "cy.visit(\"https://webdriveruniversity.com\");\ncy.get('#iframe').invoke('removeAttr', 'target').click({\n  force: true\n});\ncy.get('#frame').then($iframe => {\n  const body = $iframe.contents().find('body');\n  cy.wrap(body).as('iframe');\n});\ncy.get('@iframe').find('#button-find-out-more').click();\ncy.get('@iframe').find('#myModal').as('modal');\ncy.get('@modal').should($expectedText => {\n  const text = $expectedText.text();\n  expect(text).to.include('Welcome to webdriveruniversity.com we sell a wide range of electrical goods');\n});\ncy.get('@modal').contains('Close').click();",
              "err": {},
              "uuid": "f5e3a916-510b-46bd-9030-76858bf07e4a",
              "parentUUID": "e44fdb9e-67bd-49cc-b172-d3009b1f4997",
              "isHook": false,
              "skipped": false
            }
          ],
          "suites": [],
          "passes": [
            "f5e3a916-510b-46bd-9030-76858bf07e4a"
          ],
          "failures": [],
          "pending": [],
          "skipped": [],
          "duration": 3640,
          "root": false,
          "rootEmpty": false,
          "_timeout": 2000
        }
      ],
      "passes": [],
      "failures": [],
      "pending": [],
      "skipped": [],
      "duration": 0,
      "root": true,
      "rootEmpty": true,
      "_timeout": 2000
    },
    {
      "uuid": "688ab7e4-8ea6-4d46-8694-95cf54df2a1f",
      "title": "",
      "fullFile": "cypress/integration/webdriver-uni/js-alerts.js",
      "file": "cypress/integration/webdriver-uni/js-alerts.js",
      "beforeHooks": [],
      "afterHooks": [],
      "tests": [],
      "suites": [
        {
          "uuid": "dfb565e1-bad5-477f-875c-15e3884ced24",
          "title": "Handle js alerts",
          "fullFile": "",
          "file": "",
          "beforeHooks": [],
          "afterHooks": [],
          "tests": [
            {
              "title": "Confirm js alerts conatins the correct Text",
              "fullTitle": "Handle js alerts Confirm js alerts conatins the correct Text",
              "timedOut": null,
              "duration": 1904,
              "state": "passed",
              "speed": "fast",
              "pass": true,
              "fail": false,
              "pending": false,
              "context": null,
              "code": "cy.visit(\"https://webdriveruniversity.com/\");\ncy.get('#popup-alerts').invoke('removeAttr', 'target').click({\n  force: true\n});\ncy.get('#button1').click({\n  force: true\n}); //manually handling the alert\ncy.on('window:alert', str => {\n  expect(str).to.equal('I am an alert box!');\n});",
              "err": {},
              "uuid": "607b7731-18b8-4725-8de3-1acb3d194cc4",
              "parentUUID": "dfb565e1-bad5-477f-875c-15e3884ced24",
              "isHook": false,
              "skipped": false
            },
            {
              "title": "Validate JS confirm alert box works correctly when clicking OK",
              "fullTitle": "Handle js alerts Validate JS confirm alert box works correctly when clicking OK",
              "timedOut": null,
              "duration": 868,
              "state": "passed",
              "speed": "fast",
              "pass": true,
              "fail": false,
              "pending": false,
              "context": null,
              "code": "cy.visit(\"https://webdriveruniversity.com/\");\ncy.get('#popup-alerts').invoke('removeAttr', 'target').click({\n  force: true\n});\ncy.get('#button4').click({\n  force: true\n});\ncy.on('window:alert', str => {\n  return true;\n});\ncy.get('#confirm-alert-text').contains('You pressed OK!');",
              "err": {},
              "uuid": "442cc665-1986-435f-9718-e3be19f45aa1",
              "parentUUID": "dfb565e1-bad5-477f-875c-15e3884ced24",
              "isHook": false,
              "skipped": false
            },
            {
              "title": "Validate JS confirm alert box works correctly when clicking Cancel",
              "fullTitle": "Handle js alerts Validate JS confirm alert box works correctly when clicking Cancel",
              "timedOut": null,
              "duration": 931,
              "state": "passed",
              "speed": "fast",
              "pass": true,
              "fail": false,
              "pending": false,
              "context": null,
              "code": "cy.visit(\"https://webdriveruniversity.com/\");\ncy.get('#popup-alerts').invoke('removeAttr', 'target').click({\n  force: true\n});\ncy.get('#button4').click({\n  force: true\n});\ncy.on('window:confirm', str => {\n  return false;\n});\ncy.get('#confirm-alert-text').contains('You pressed Cancel!');",
              "err": {},
              "uuid": "396b02a1-286a-44d2-a4cc-c7c99c2d799e",
              "parentUUID": "dfb565e1-bad5-477f-875c-15e3884ced24",
              "isHook": false,
              "skipped": false
            }
          ],
          "suites": [],
          "passes": [
            "607b7731-18b8-4725-8de3-1acb3d194cc4",
            "442cc665-1986-435f-9718-e3be19f45aa1",
            "396b02a1-286a-44d2-a4cc-c7c99c2d799e"
          ],
          "failures": [],
          "pending": [],
          "skipped": [],
          "duration": 3703,
          "root": false,
          "rootEmpty": false,
          "_timeout": 2000
        }
      ],
      "passes": [],
      "failures": [],
      "pending": [],
      "skipped": [],
      "duration": 0,
      "root": true,
      "rootEmpty": true,
      "_timeout": 2000
    },
    {
      "uuid": "b56e8fc4-69e3-46a2-834b-20db14e212e1",
      "title": "",
      "fullFile": "cypress/integration/webdriver-uni/mouse-actions.js",
      "file": "cypress/integration/webdriver-uni/mouse-actions.js",
      "beforeHooks": [],
      "afterHooks": [],
      "tests": [],
      "suites": [
        {
          "uuid": "40e7393d-2114-4d2f-a8d1-07ed53d7c193",
          "title": "Test Mouse Actions",
          "fullFile": "",
          "file": "",
          "beforeHooks": [],
          "afterHooks": [],
          "tests": [
            {
              "title": "Scroll Elements into view",
              "fullTitle": "Test Mouse Actions Scroll Elements into view",
              "timedOut": null,
              "duration": 1884,
              "state": "passed",
              "speed": "fast",
              "pass": true,
              "fail": false,
              "pending": false,
              "context": null,
              "code": "cy.visit(\"https://webdriveruniversity.com\");\ncy.get('#actions').scrollIntoView().invoke('removeAttr', 'target').click({\n  force: true\n});",
              "err": {},
              "uuid": "5179698d-1fc0-4cff-90f3-dd7e9594788d",
              "parentUUID": "40e7393d-2114-4d2f-a8d1-07ed53d7c193",
              "isHook": false,
              "skipped": false
            },
            {
              "title": "I should be able to drag and drop a draggable item",
              "fullTitle": "Test Mouse Actions I should be able to drag and drop a draggable item",
              "timedOut": null,
              "duration": 1036,
              "state": "passed",
              "speed": "fast",
              "pass": true,
              "fail": false,
              "pending": false,
              "context": null,
              "code": "cy.visit(\"https://webdriveruniversity.com\");\ncy.get('#actions').scrollIntoView().invoke('removeAttr', 'target').click({\n  force: true\n});\ncy.get('#draggable').trigger('mousedown', {\n  which: 1\n});\ncy.get('#droppable').trigger('mousemove').trigger('mouseup', {\n  force: true\n});",
              "err": {},
              "uuid": "5504447b-49cb-4028-9742-5957ed95eb52",
              "parentUUID": "40e7393d-2114-4d2f-a8d1-07ed53d7c193",
              "isHook": false,
              "skipped": false
            },
            {
              "title": "I should be able to perform double mouse click",
              "fullTitle": "Test Mouse Actions I should be able to perform double mouse click",
              "timedOut": null,
              "duration": 944,
              "state": "passed",
              "speed": "fast",
              "pass": true,
              "fail": false,
              "pending": false,
              "context": null,
              "code": "cy.visit(\"https://webdriveruniversity.com\");\ncy.get('#actions').scrollIntoView().invoke('removeAttr', 'target').click({\n  force: true\n});\ncy.get('#double-click').dblclick();",
              "err": {},
              "uuid": "0c691d87-c340-4c08-9d15-b2beb0a02d2f",
              "parentUUID": "40e7393d-2114-4d2f-a8d1-07ed53d7c193",
              "isHook": false,
              "skipped": false
            },
            {
              "title": "I should be able to hold down the left mouse click button on a given element",
              "fullTitle": "Test Mouse Actions I should be able to hold down the left mouse click button on a given element",
              "timedOut": null,
              "duration": 784,
              "state": "passed",
              "speed": "fast",
              "pass": true,
              "fail": false,
              "pending": false,
              "context": null,
              "code": "cy.visit(\"https://webdriveruniversity.com\");\ncy.get('#actions').scrollIntoView().invoke('removeAttr', 'target').click({\n  force: true\n});\ncy.get('#click-box').trigger('mousedown', {\n  which: 1\n}).then($element => {\n  expect($element).to.have.css('background-color', 'rgb(0, 255, 0)');\n});",
              "err": {},
              "uuid": "77efd0a5-2cdc-45b9-9463-d1a7ffeae853",
              "parentUUID": "40e7393d-2114-4d2f-a8d1-07ed53d7c193",
              "isHook": false,
              "skipped": false
            }
          ],
          "suites": [],
          "passes": [
            "5179698d-1fc0-4cff-90f3-dd7e9594788d",
            "5504447b-49cb-4028-9742-5957ed95eb52",
            "0c691d87-c340-4c08-9d15-b2beb0a02d2f",
            "77efd0a5-2cdc-45b9-9463-d1a7ffeae853"
          ],
          "failures": [],
          "pending": [],
          "skipped": [],
          "duration": 4648,
          "root": false,
          "rootEmpty": false,
          "_timeout": 2000
        }
      ],
      "passes": [],
      "failures": [],
      "pending": [],
      "skipped": [],
      "duration": 0,
      "root": true,
      "rootEmpty": true,
      "_timeout": 2000
    },
    {
      "uuid": "5098c60b-f832-4120-aa2f-351bc70be974",
      "title": "",
      "fullFile": "cypress/integration/webdriver-uni/radio-buttons.js",
      "file": "cypress/integration/webdriver-uni/radio-buttons.js",
      "beforeHooks": [],
      "afterHooks": [],
      "tests": [],
      "suites": [
        {
          "uuid": "b3c0cf97-7ecb-48de-9e1c-95822d9de340",
          "title": "Verify radio buttons via webdriveruni",
          "fullFile": "",
          "file": "",
          "beforeHooks": [],
          "afterHooks": [],
          "tests": [
            {
              "title": "check specific radiobuttons",
              "fullTitle": "Verify radio buttons via webdriveruni check specific radiobuttons",
              "timedOut": null,
              "duration": 2687,
              "state": "passed",
              "speed": "fast",
              "pass": true,
              "fail": false,
              "pending": false,
              "context": null,
              "code": "cy.get('#radio-buttons').find(\"[type='radio']\").first().check();\ncy.get('#radio-buttons').find(\"[type='radio']\").eq(1).check();",
              "err": {},
              "uuid": "ffb8ae0d-68c6-4f98-81e0-4b603681057d",
              "parentUUID": "b3c0cf97-7ecb-48de-9e1c-95822d9de340",
              "isHook": false,
              "skipped": false
            },
            {
              "title": "Validate States of specific Radio buttons",
              "fullTitle": "Verify radio buttons via webdriveruni Validate States of specific Radio buttons",
              "timedOut": null,
              "duration": 139,
              "state": "passed",
              "speed": "fast",
              "pass": true,
              "fail": false,
              "pending": false,
              "context": null,
              "code": "cy.get(\"[value='lettuce']\").should('not.be.checked');\ncy.get(\"[value='pumpkin']\").should('be.checked');\ncy.get(\"[value='cabbage']\").should('be.disabled');",
              "err": {},
              "uuid": "79709519-c94e-45fb-984c-2a3ad944c173",
              "parentUUID": "b3c0cf97-7ecb-48de-9e1c-95822d9de340",
              "isHook": false,
              "skipped": false
            }
          ],
          "suites": [],
          "passes": [
            "ffb8ae0d-68c6-4f98-81e0-4b603681057d",
            "79709519-c94e-45fb-984c-2a3ad944c173"
          ],
          "failures": [],
          "pending": [],
          "skipped": [],
          "duration": 2826,
          "root": false,
          "rootEmpty": false,
          "_timeout": 2000
        }
      ],
      "passes": [],
      "failures": [],
      "pending": [],
      "skipped": [],
      "duration": 0,
      "root": true,
      "rootEmpty": true,
      "_timeout": 2000
    },
    {
      "uuid": "8d051884-8589-4b46-b6c4-61f18fd92986",
      "title": "",
      "fullFile": "cypress/integration/webdriver-uni/select-dropdown-list.js",
      "file": "cypress/integration/webdriver-uni/select-dropdown-list.js",
      "beforeHooks": [],
      "afterHooks": [],
      "tests": [],
      "suites": [
        {
          "uuid": "bc7b004c-64cc-41dd-b0aa-95d7af2a785b",
          "title": "Interact with dropdown lists via webdriveruni",
          "fullFile": "",
          "file": "",
          "beforeHooks": [],
          "afterHooks": [],
          "tests": [
            {
              "title": "Select specific value via select dropdown lists",
              "fullTitle": "Interact with dropdown lists via webdriveruni Select specific value via select dropdown lists",
              "timedOut": null,
              "duration": 2487,
              "state": "passed",
              "speed": "fast",
              "pass": true,
              "fail": false,
              "pending": false,
              "context": null,
              "code": "cy.visit(\"https://webdriveruniversity.com\");\ncy.get('#dropdown-checkboxes-radiobuttons').invoke('removeAttr', 'target').click({\n  force: true\n});\ncy.get('#dropdowm-menu-1').select('c#');\ncy.get('#dropdowm-menu-2').select('testng').should('have.value', 'testng');\ncy.get('#dropdowm-menu-3').select('JQuery').contains('JQuery');",
              "err": {},
              "uuid": "10b0122a-720b-4f78-8992-fe5ada5bbfee",
              "parentUUID": "bc7b004c-64cc-41dd-b0aa-95d7af2a785b",
              "isHook": false,
              "skipped": false
            },
            {
              "title": "Select specific value via select dropdown lists",
              "fullTitle": "Interact with dropdown lists via webdriveruni Select specific value via select dropdown lists",
              "timedOut": null,
              "duration": 1531,
              "state": "passed",
              "speed": "fast",
              "pass": true,
              "fail": false,
              "pending": false,
              "context": null,
              "code": "cy.visit(\"https://webdriveruniversity.com\");\ncy.get('#dropdown-checkboxes-radiobuttons').invoke('removeAttr', 'target').click({\n  force: true\n}); // cy.get('#dropdowm-menu-1').select('c#')\ncy.get('#dropdowm-menu-2').select('maven').should('have.value', 'maven'); //\ncy.get('#dropdowm-menu-2').select('TestNG').contains('TestNG'); //should use cotains when using text",
              "err": {},
              "uuid": "90c6f321-083c-415d-a512-a84b48d211ce",
              "parentUUID": "bc7b004c-64cc-41dd-b0aa-95d7af2a785b",
              "isHook": false,
              "skipped": false
            }
          ],
          "suites": [],
          "passes": [
            "10b0122a-720b-4f78-8992-fe5ada5bbfee",
            "90c6f321-083c-415d-a512-a84b48d211ce"
          ],
          "failures": [],
          "pending": [],
          "skipped": [],
          "duration": 4018,
          "root": false,
          "rootEmpty": false,
          "_timeout": 2000
        }
      ],
      "passes": [],
      "failures": [],
      "pending": [],
      "skipped": [],
      "duration": 0,
      "root": true,
      "rootEmpty": true,
      "_timeout": 2000
    },
    {
      "uuid": "791d8256-c434-48ba-a17b-f47a757c458c",
      "title": "",
      "fullFile": "cypress/integration/webdriver-uni/traversing-elements.js",
      "file": "cypress/integration/webdriver-uni/traversing-elements.js",
      "beforeHooks": [],
      "afterHooks": [],
      "tests": [],
      "suites": [
        {
          "uuid": "9e4b5663-1540-433f-a1ce-55f380da6a77",
          "title": "Traversing DOM elements in Cypress",
          "fullFile": "",
          "file": "",
          "beforeHooks": [],
          "afterHooks": [],
          "tests": [
            {
              "title": "prev() to get the previous sibling DOM element within elements",
              "fullTitle": "Traversing DOM elements in Cypress prev() to get the previous sibling DOM element within elements",
              "timedOut": null,
              "duration": 2596,
              "state": "passed",
              "speed": "fast",
              "pass": true,
              "fail": false,
              "pending": false,
              "context": null,
              "code": "cy.get('#sugar').prev().contains('Espresso');",
              "err": {},
              "uuid": "ebf13284-a27b-49bb-a0bc-d774d77846d1",
              "parentUUID": "9e4b5663-1540-433f-a1ce-55f380da6a77",
              "isHook": false,
              "skipped": false
            }
          ],
          "suites": [],
          "passes": [
            "ebf13284-a27b-49bb-a0bc-d774d77846d1"
          ],
          "failures": [],
          "pending": [],
          "skipped": [],
          "duration": 2596,
          "root": false,
          "rootEmpty": false,
          "_timeout": 2000
        }
      ],
      "passes": [],
      "failures": [],
      "pending": [],
      "skipped": [],
      "duration": 0,
      "root": true,
      "rootEmpty": true,
      "_timeout": 2000
    },
    {
      "uuid": "1372cc6b-492a-4eaf-9d32-899c636721b5",
      "title": "",
      "fullFile": "cypress/integration/automation-test-store/add-multiple-items-to-basket.js",
      "file": "cypress/integration/automation-test-store/add-multiple-items-to-basket.js",
      "beforeHooks": [],
      "afterHooks": [],
      "tests": [],
      "suites": [
        {
          "uuid": "29bb827e-722a-4c22-aad7-fa5bd95e665d",
          "title": "Add multiple items to basket",
          "fullFile": "",
          "file": "",
          "beforeHooks": [],
          "afterHooks": [],
          "tests": [
            {
              "title": "Add specific items to the basket",
              "fullTitle": "Add multiple items to basket Add specific items to the basket",
              "timedOut": null,
              "duration": 11324,
              "state": "passed",
              "speed": "slow",
              "pass": true,
              "fail": false,
              "pending": false,
              "context": null,
              "code": "autoStore_Haircare_PO.addHaircareProductsToBasket();",
              "err": {},
              "uuid": "2ac53cd5-0dad-4ca8-8ccb-728446c55108",
              "parentUUID": "29bb827e-722a-4c22-aad7-fa5bd95e665d",
              "isHook": false,
              "skipped": false
            }
          ],
          "suites": [],
          "passes": [
            "2ac53cd5-0dad-4ca8-8ccb-728446c55108"
          ],
          "failures": [],
          "pending": [],
          "skipped": [],
          "duration": 11324,
          "root": false,
          "rootEmpty": false,
          "_timeout": 2000
        }
      ],
      "passes": [],
      "failures": [],
      "pending": [],
      "skipped": [],
      "duration": 0,
      "root": true,
      "rootEmpty": true,
      "_timeout": 2000
    }
  ],
  "meta": {
    "mocha": {
      "version": "7.0.1"
    },
    "mochawesome": {
      "options": {
        "quiet": false,
        "reportFilename": "mochawesome",
        "saveHtml": false,
        "saveJson": true,
        "consoleReporter": "spec",
        "useInlineDiffs": false,
        "code": true
      },
      "version": "7.1.2"
    },
    "marge": {
      "options": {
        "id": "default",
        "reportDir": "cypress/results/mochawesome",
        "quite": true,
        "overwrite": false,
        "html": false,
        "json": true
      },
      "version": "6.1.1"
    }
  }
}